Using pre-set license
Built from '2020.3/staging' branch; Version is '2020.3.5f1 (8095aa901b9b) revision 8426922'; Using compiler version '192528614'; Build Type 'Release'
OS: 'Windows 10 Pro; OS build 19042.985; Version 2009; 64bit' Language: 'ru' Physical Memory: 16304 MB
BatchMode: 1, IsHumanControllingUs: 0, StartBugReporterOnCrash: 0, Is64bit: 1, IsPro: 0

 COMMAND LINE ARGUMENTS:
C:\Program Files\Unity\Hub\Editor\2020.3.5f1\Editor\Unity.exe
-adb2
-batchMode
-noUpm
-name
AssetImportWorker0
-projectPath
D:/Projects/Unity/Simulation
-logFile
Logs/AssetImportWorker0.log
-srvPort
58985
Successfully changed project path to: D:/Projects/Unity/Simulation
D:/Projects/Unity/Simulation
Using Asset Import Pipeline V2.
Refreshing native plugins compatible for Editor in 87.38 ms, found 0 plugins.
Preloading 0 native plugins for Editor in 0.00 ms.
Initialize engine version: 2020.3.5f1 (8095aa901b9b)
[Subsystems] Discovering subsystems at path C:/Program Files/Unity/Hub/Editor/2020.3.5f1/Editor/Data/Resources/UnitySubsystems
[Subsystems] Discovering subsystems at path D:/Projects/Unity/Simulation/Assets
GfxDevice: creating device client; threaded=0
Direct3D:
    Version:  Direct3D 11.0 [level 11.1]
    Renderer: NVIDIA GeForce GTX 1650 (ID=0x1f91)
    Vendor:   
    VRAM:     3962 MB
    Driver:   27.21.14.6231
Initialize mono
Mono path[0] = 'C:/Program Files/Unity/Hub/Editor/2020.3.5f1/Editor/Data/Managed'
Mono path[1] = 'C:/Program Files/Unity/Hub/Editor/2020.3.5f1/Editor/Data/MonoBleedingEdge/lib/mono/unityjit'
Mono config path = 'C:/Program Files/Unity/Hub/Editor/2020.3.5f1/Editor/Data/MonoBleedingEdge/etc'
Using monoOptions --debugger-agent=transport=dt_socket,embedding=1,server=y,suspend=n,address=127.0.0.1:56560
Begin MonoManager ReloadAssembly
Registering precompiled unity dll's ...
Register platform support module: C:/Program Files/Unity/Hub/Editor/2020.3.5f1/Editor/Data/PlaybackEngines/WebGLSupport/UnityEditor.WebGL.Extensions.dll
Register platform support module: C:/Program Files/Unity/Hub/Editor/2020.3.5f1/Editor/Data/PlaybackEngines/WindowsStandaloneSupport/UnityEditor.WindowsStandalone.Extensions.dll
Registered in 0.001895 seconds.
Native extension for WindowsStandalone target not found
Native extension for WebGL target not found
Refreshing native plugins compatible for Editor in 71.10 ms, found 0 plugins.
Preloading 0 native plugins for Editor in 0.00 ms.
Mono: successfully reloaded assembly
- Completed reload, in  1.995 seconds
Platform modules already initialized, skipping
Registering precompiled user dll's ...
Registered in 0.001801 seconds.
Begin MonoManager ReloadAssembly
Native extension for WindowsStandalone target not found
Native extension for WebGL target not found
Refreshing native plugins compatible for Editor in 46.10 ms, found 0 plugins.
Preloading 0 native plugins for Editor in 0.00 ms.
Curl error 42: Callback aborted
DisplayProgressbar: Restoring NuGet Packages
Mono: successfully reloaded assembly
- Completed reload, in  2.274 seconds
Platform modules already initialized, skipping
========================================================================
Worker process is ready to serve import requests
Launched and connected shader compiler UnityShaderCompiler.exe after 0.04 seconds
Refreshing native plugins compatible for Editor in 0.68 ms, found 0 plugins.
Preloading 0 native plugins for Editor in 0.00 ms.
Unloading 2461 Unused Serialized files (Serialized files now loaded: 0)
System memory in use before: 152.4 MB.
System memory in use after: 152.2 MB.

Unloading 118 unused Assets to reduce memory usage. Loaded Objects now: 2947.
Total: 3.633100 ms (FindLiveObjects: 0.441900 ms CreateObjectMapping: 0.163700 ms MarkObjects: 2.567400 ms  DeleteObjects: 0.459000 ms)

========================================================================
Received Import Request.
  path: Assets/Assets.index
  artifactKey: Guid(b2ff4cda0545af74d8c7860829e40756) Importer(815301076,1909f56bfc062723c751e8b465ee728b)
Start importing Assets/Assets.index using Guid(b2ff4cda0545af74d8c7860829e40756) Importer(815301076,1909f56bfc062723c751e8b465ee728b)  -> (artifact id: '0c1a488cb689bc69c8c8428dd623b2f7') in 0.092284 seconds
  Import took 0.098136 seconds .

========================================================================
Received Import Request.
  Time since last request: 73217.365110 seconds.
  path: Assets/_src/SO/Physics Properties.asset
  artifactKey: Guid(d5b71127146bc9046a4972bd28d8a5e2) Importer(815301076,1909f56bfc062723c751e8b465ee728b)
Start importing Assets/_src/SO/Physics Properties.asset using Guid(d5b71127146bc9046a4972bd28d8a5e2) Importer(815301076,1909f56bfc062723c751e8b465ee728b)  -> (artifact id: 'ee3186a0e86538e3370908f923bf5375') in 0.062460 seconds
  Import took 0.146119 seconds .

========================================================================
Received Import Request.
  Time since last request: 26.192523 seconds.
  path: Assets/_src/SO/Physics Properties.asset
  artifactKey: Guid(d5b71127146bc9046a4972bd28d8a5e2) Importer(815301076,1909f56bfc062723c751e8b465ee728b)
Start importing Assets/_src/SO/Physics Properties.asset using Guid(d5b71127146bc9046a4972bd28d8a5e2) Importer(815301076,1909f56bfc062723c751e8b465ee728b)  -> (artifact id: '173fed77f36361aae506f6e087680785') in 0.001869 seconds
  Import took 0.051699 seconds .

========================================================================
Received Prepare
Registering precompiled user dll's ...
Registered in 0.001975 seconds.
Begin MonoManager ReloadAssembly
Native extension for WindowsStandalone target not found
Native extension for WebGL target not found
Refreshing native plugins compatible for Editor in 0.64 ms, found 0 plugins.
Preloading 0 native plugins for Editor in 0.00 ms.
Curl error 42: Callback aborted
Warning: Annotation not found!
UnityEngine.StackTraceUtility:ExtractStackTrace ()
UnityEditor.ProBuilder.EditorUtility:SetGizmoIconEnabled (System.Type,bool) (at Library/PackageCache/com.unity.probuilder@4.4.0/Editor/EditorCore/EditorUtility.cs:593)
UnityEditor.ProBuilder.HierarchyListener:.cctor () (at Library/PackageCache/com.unity.probuilder@4.4.0/Editor/EditorCore/HierarchyListener.cs:21)
System.Runtime.CompilerServices.RuntimeHelpers:RunClassConstructor (System.RuntimeTypeHandle)
UnityEditor.EditorAssemblies:ProcessInitializeOnLoadAttributes (System.Type[])

[Library/PackageCache/com.unity.probuilder@4.4.0/Editor/EditorCore/EditorUtility.cs line 593]

Mono: successfully reloaded assembly
- Completed reload, in  2.074 seconds
Platform modules already initialized, skipping
Refreshing native plugins compatible for Editor in 0.69 ms, found 0 plugins.
Preloading 0 native plugins for Editor in 0.00 ms.
Unloading 2351 Unused Serialized files (Serialized files now loaded: 0)
System memory in use before: 145.6 MB.
System memory in use after: 145.4 MB.

Unloading 12 unused Assets to reduce memory usage. Loaded Objects now: 2950.
Total: 3.124500 ms (FindLiveObjects: 0.365000 ms CreateObjectMapping: 0.143700 ms MarkObjects: 2.238800 ms  DeleteObjects: 0.375800 ms)

AssetImportWorkerClient::OnTransportError - code=2 error=End of file
